0 info it worked if it ends with ok
1 verbose cli [ '/usr/local/bin/node',
1 verbose cli   '/usr/local/bin/npm',
1 verbose cli   'install',
1 verbose cli   'jade',
1 verbose cli   '--save' ]
2 info using npm@1.4.28
3 info using node@v0.13.0-pre
4 verbose readDependencies using package.json deps
5 verbose cache add [ 'jade', null ]
6 verbose cache add name=undefined spec="jade" args=["jade",null]
7 verbose parsed url { protocol: null,
7 verbose parsed url   slashes: null,
7 verbose parsed url   auth: null,
7 verbose parsed url   host: null,
7 verbose parsed url   port: null,
7 verbose parsed url   hostname: null,
7 verbose parsed url   hash: null,
7 verbose parsed url   search: null,
7 verbose parsed url   query: null,
7 verbose parsed url   pathname: 'jade',
7 verbose parsed url   path: 'jade',
7 verbose parsed url   href: 'jade' }
8 silly lockFile 5bd60fae-jade jade
9 verbose lock jade /home/rohan/.npm/5bd60fae-jade.lock
10 silly lockFile 5bd60fae-jade jade
11 silly lockFile 5bd60fae-jade jade
12 verbose addNamed [ 'jade', '' ]
13 verbose addNamed [ null, '*' ]
14 silly lockFile 51d481b2-jade jade@
15 verbose lock jade@ /home/rohan/.npm/51d481b2-jade.lock
16 silly addNameRange { name: 'jade', range: '*', hasData: false }
17 verbose request where is /jade
18 verbose request registry http://registry.npmjs.org/
19 verbose request id e2aab2564ab3d88f
20 verbose url raw /jade
21 verbose url resolving [ 'http://registry.npmjs.org/', './jade' ]
22 verbose url resolved http://registry.npmjs.org/jade
23 verbose request where is http://registry.npmjs.org/jade
24 info trying registry request attempt 1 at 00:38:34
25 verbose etag "F1HB80CNAE9C0D7MM87A7I66G"
26 http GET http://registry.npmjs.org/jade
27 http 200 http://registry.npmjs.org/jade
28 silly registry.get cb [ 200,
28 silly registry.get   { server: 'CouchDB/1.5.0 (Erlang OTP/R16B03)',
28 silly registry.get     etag: '"1NZKRYSBKY14YZOM8DPZ8M12A"',
28 silly registry.get     'content-type': 'application/json',
28 silly registry.get     'cache-control': 'max-age=60',
28 silly registry.get     'content-length': '141426',
28 silly registry.get     'accept-ranges': 'bytes',
28 silly registry.get     date: 'Sat, 04 Apr 2015 04:38:35 GMT',
28 silly registry.get     via: '1.1 varnish',
28 silly registry.get     age: '0',
28 silly registry.get     connection: 'close',
28 silly registry.get     'x-served-by': 'cache-iad2140-IAD',
28 silly registry.get     'x-cache': 'HIT',
28 silly registry.get     'x-cache-hits': '1',
28 silly registry.get     'x-timer': 'S1428122315.085059,VS0,VE14',
28 silly registry.get     vary: 'Accept' } ]
29 silly addNameRange number 2 { name: 'jade', range: '*', hasData: true }
30 silly addNameRange versions [ 'jade',
30 silly addNameRange   [ '0.0.1',
30 silly addNameRange     '0.0.2',
30 silly addNameRange     '0.1.0',
30 silly addNameRange     '0.2.0',
30 silly addNameRange     '0.2.1',
30 silly addNameRange     '0.2.2',
30 silly addNameRange     '0.2.3',
30 silly addNameRange     '0.2.4',
30 silly addNameRange     '0.3.0',
30 silly addNameRange     '0.4.0',
30 silly addNameRange     '0.4.1',
30 silly addNameRange     '0.5.0',
30 silly addNameRange     '0.5.1',
30 silly addNameRange     '0.5.2',
30 silly addNameRange     '0.5.3',
30 silly addNameRange     '0.5.4',
30 silly addNameRange     '0.5.5',
30 silly addNameRange     '0.5.6',
30 silly addNameRange     '0.5.7',
30 silly addNameRange     '0.6.0',
30 silly addNameRange     '0.6.1',
30 silly addNameRange     '0.6.3',
30 silly addNameRange     '0.7.0',
30 silly addNameRange     '0.7.1',
30 silly addNameRange     '0.8.0',
30 silly addNameRange     '0.8.1',
30 silly addNameRange     '0.8.2',
30 silly addNameRange     '0.8.3',
30 silly addNameRange     '0.8.4',
30 silly addNameRange     '0.8.5',
30 silly addNameRange     '0.8.6',
30 silly addNameRange     '0.8.7',
30 silly addNameRange     '0.8.8',
30 silly addNameRange     '0.8.9',
30 silly addNameRange     '0.9.0',
30 silly addNameRange     '0.9.1',
30 silly addNameRange     '0.9.2',
30 silly addNameRange     '0.9.3',
30 silly addNameRange     '0.10.0',
30 silly addNameRange     '0.10.1',
30 silly addNameRange     '0.10.2',
30 silly addNameRange     '0.10.3',
30 silly addNameRange     '0.10.4',
30 silly addNameRange     '0.10.5',
30 silly addNameRange     '0.10.6',
30 silly addNameRange     '0.10.7',
30 silly addNameRange     '0.11.0',
30 silly addNameRange     '0.11.1',
30 silly addNameRange     '0.12.0',
30 silly addNameRange     '0.12.1',
30 silly addNameRange     '0.12.2',
30 silly addNameRange     '0.12.3',
30 silly addNameRange     '0.12.4',
30 silly addNameRange     '0.13.0',
30 silly addNameRange     '0.14.0',
30 silly addNameRange     '0.14.1',
30 silly addNameRange     '0.14.2',
30 silly addNameRange     '0.15.0',
30 silly addNameRange     '0.15.1',
30 silly addNameRange     '0.15.2',
30 silly addNameRange     '0.15.3',
30 silly addNameRange     '0.15.4',
30 silly addNameRange     '0.16.0',
30 silly addNameRange     '0.16.1',
30 silly addNameRange     '0.16.2',
30 silly addNameRange     '0.16.3',
30 silly addNameRange     '0.16.4',
30 silly addNameRange     '0.17.0',
30 silly addNameRange     '0.18.0',
30 silly addNameRange     '0.19.0',
30 silly addNameRange     '0.20.0',
30 silly addNameRange     '0.20.1',
30 silly addNameRange     '0.20.2',
30 silly addNameRange     '0.20.3',
30 silly addNameRange     '0.21.0',
30 silly addNameRange     '0.22.0',
30 silly addNameRange     '0.22.1',
30 silly addNameRange     '0.23.0',
30 silly addNameRange     '0.24.0',
30 silly addNameRange     '0.25.0',
30 silly addNameRange     '0.26.0',
30 silly addNameRange     '0.26.1',
30 silly addNameRange     '0.26.2',
30 silly addNameRange     '0.26.3',
30 silly addNameRange     '0.27.0',
30 silly addNameRange     '0.27.1',
30 silly addNameRange     '0.27.2',
30 silly addNameRange     '0.27.3',
30 silly addNameRange     '0.27.4',
30 silly addNameRange     '0.27.5',
30 silly addNameRange     '0.27.6',
30 silly addNameRange     '0.27.7',
30 silly addNameRange     '0.28.0',
30 silly addNameRange     '0.28.1',
30 silly addNameRange     '0.28.2',
30 silly addNameRange     '0.29.0',
30 silly addNameRange     '0.30.0',
30 silly addNameRange     '0.31.0',
30 silly addNameRange     '0.31.1',
30 silly addNameRange     '0.31.2',
30 silly addNameRange     '0.32.0',
30 silly addNameRange     '0.33.0',
30 silly addNameRange     '0.34.0',
30 silly addNameRange     '0.34.1',
30 silly addNameRange     '0.35.0',
30 silly addNameRange     '1.0.0',
30 silly addNameRange     '1.0.1',
30 silly addNameRange     '1.0.2',
30 silly addNameRange     '1.1.0',
30 silly addNameRange     '1.1.1',
30 silly addNameRange     '1.1.2',
30 silly addNameRange     '1.1.3',
30 silly addNameRange     '1.1.4',
30 silly addNameRange     '1.1.5',
30 silly addNameRange     '1.2.0',
30 silly addNameRange     '1.3.0',
30 silly addNameRange     '1.3.1',
30 silly addNameRange     '1.4.0',
30 silly addNameRange     '1.4.1',
30 silly addNameRange     '1.4.2',
30 silly addNameRange     '1.5.0',
30 silly addNameRange     '1.6.0',
30 silly addNameRange     '1.7.0',
30 silly addNameRange     '1.8.0',
30 silly addNameRange     '1.8.1',
30 silly addNameRange     '1.8.2',
30 silly addNameRange     '1.9.0',
30 silly addNameRange     '1.9.1',
30 silly addNameRange     '1.9.2' ] ]
31 verbose addNamed [ 'jade', '1.9.2' ]
32 verbose addNamed [ '1.9.2', '1.9.2' ]
33 silly lockFile 20e0e06b-jade-1-9-2 jade@1.9.2
34 verbose lock jade@1.9.2 /home/rohan/.npm/20e0e06b-jade-1-9-2.lock
35 silly lockFile 4a9076df-ry-npmjs-org-jade-jade-1-9-2-tgz http://registry.npmjs.org/jade/-/jade-1.9.2.tgz
36 verbose lock http://registry.npmjs.org/jade/-/jade-1.9.2.tgz /home/rohan/.npm/4a9076df-ry-npmjs-org-jade-jade-1-9-2-tgz.lock
37 verbose addRemoteTarball [ 'http://registry.npmjs.org/jade/-/jade-1.9.2.tgz',
37 verbose addRemoteTarball   '0b89f9c60d4ead2738e826ba7b2ccac9a5702abe' ]
38 info retry fetch attempt 1 at 00:38:34
39 verbose fetch to= /tmp/npm-3341-j3H4YukR/registry.npmjs.org/jade/-/jade-1.9.2.tgz
40 http GET http://registry.npmjs.org/jade/-/jade-1.9.2.tgz
41 http 200 http://registry.npmjs.org/jade/-/jade-1.9.2.tgz
42 silly lockFile 4a9076df-ry-npmjs-org-jade-jade-1-9-2-tgz http://registry.npmjs.org/jade/-/jade-1.9.2.tgz
43 silly lockFile 4a9076df-ry-npmjs-org-jade-jade-1-9-2-tgz http://registry.npmjs.org/jade/-/jade-1.9.2.tgz
44 silly lockFile 20e0e06b-jade-1-9-2 jade@1.9.2
45 silly lockFile 20e0e06b-jade-1-9-2 jade@1.9.2
46 silly lockFile 51d481b2-jade jade@
47 silly lockFile 51d481b2-jade jade@
48 error Error: EACCES, mkdir '/home/rohan/.npm/jade/1.9.2'
48 error     at Error (native)
48 error  { [Error: EACCES, mkdir '/home/rohan/.npm/jade/1.9.2']
48 error   stack: 'Error: EACCES, mkdir \'/home/rohan/.npm/jade/1.9.2\'\n    at Error (native)',
48 error   errno: -13,
48 error   code: 'EACCES',
48 error   path: '/home/rohan/.npm/jade/1.9.2',
48 error   parent: 'twitter_topk' }
49 error Please try running this command again as root/Administrator.
50 error System Linux 3.13.0-32-generic
51 error command "/usr/local/bin/node" "/usr/local/bin/npm" "install" "jade" "--save"
52 error cwd /home/rohan/DIC
53 error node -v v0.13.0-pre
54 error npm -v 1.4.28
55 error path /home/rohan/.npm/jade/1.9.2
56 error code EACCES
57 error errno -13
58 error stack Error: EACCES, mkdir '/home/rohan/.npm/jade/1.9.2'
58 error stack     at Error (native)
59 verbose exit [ -13, true ]
